<?xml version="1.0" encoding="UTF-8"?>
<!-- Generated by org.testng.reporters.JUnitReportReporter -->
<testsuite hostname="student-pc" name="test.phoneapp.AppTest" tests="1" failures="0" timestamp="18 Sep 2015 12:16:47 GMT" time="43.464" errors="0">
  <testcase name="connectApp" time="43.464" classname="test.phoneapp.AppTest"/>
</testsuite> <!-- test.phoneapp.AppTest -->
