<?xml version="1.0" encoding="UTF-8" ?>
<testsuite failures="0" time="0.008" errors="0" skipped="0" tests="0" name="test.phoneapp.AppTest">
  <properties>
    <property name="java.runtime.name" value="OpenJDK Runtime Environment"/>
    <property name="sun.boot.library.path" value="/usr/lib/jvm/java-7-openjdk-amd64/jre/lib/amd64"/>
    <property name="java.vm.version" value="24.79-b02"/>
    <property name="java.vm.vendor" value="Oracle Corporation"/>
    <property name="java.vendor.url" value="http://java.oracle.com/"/>
    <property name="path.separator" value=":"/>
    <property name="java.vm.name" value="OpenJDK 64-Bit Server VM"/>
    <property name="file.encoding.pkg" value="sun.io"/>
    <property name="user.country" value="US"/>
    <property name="sun.java.launcher" value="SUN_STANDARD"/>
    <property name="sun.os.patch.level" value="unknown"/>
    <property name="java.vm.specification.name" value="Java Virtual Machine Specification"/>
    <property name="user.dir" value="/home/student/workspace/MyRepository/testPhoneapp"/>
    <property name="java.runtime.version" value="1.7.0_79-b14"/>
    <property name="java.awt.graphicsenv" value="sun.awt.X11GraphicsEnvironment"/>
    <property name="basedir" value="/home/student/workspace/MyRepository/testPhoneapp"/>
    <property name="java.endorsed.dirs" value="/usr/lib/jvm/java-7-openjdk-amd64/jre/lib/endorsed"/>
    <property name="os.arch" value="amd64"/>
    <property name="surefire.real.class.path" value="/home/student/workspace/MyRepository/testPhoneapp/target/surefire/surefirebooter5817786357941884583.jar"/>
    <property name="java.io.tmpdir" value="/tmp"/>
    <property name="line.separator" value="
"/>
    <property name="java.vm.specification.vendor" value="Oracle Corporation"/>
    <property name="os.name" value="Linux"/>
    <property name="sun.jnu.encoding" value="UTF-8"/>
    <property name="java.library.path" value="/usr/java/packages/lib/amd64:/usr/lib/x86_64-linux-gnu/jni:/lib/x86_64-linux-gnu:/usr/lib/x86_64-linux-gnu:/usr/lib/jni:/lib:/usr/lib"/>
    <property name="surefire.test.class.path" value="/home/student/workspace/MyRepository/testPhoneapp/target/test-classes:/home/student/workspace/MyRepository/testPhoneapp/target/classes:/home/student/.m2/repository/junit/junit/3.8.1/junit-3.8.1.jar:/home/student/.m2/repository/org/seleniumhq/selenium/selenium-java/2.47.1/selenium-java-2.47.1.jar:/home/student/.m2/repository/org/seleniumhq/selenium/selenium-chrome-driver/2.47.1/selenium-chrome-driver-2.47.1.jar:/home/student/.m2/repository/org/seleniumhq/selenium/selenium-remote-driver/2.47.1/selenium-remote-driver-2.47.1.jar:/home/student/.m2/repository/cglib/cglib-nodep/2.1_3/cglib-nodep-2.1_3.jar:/home/student/.m2/repository/org/seleniumhq/selenium/selenium-api/2.47.1/selenium-api-2.47.1.jar:/home/student/.m2/repository/org/seleniumhq/selenium/selenium-edge-driver/2.47.1/selenium-edge-driver-2.47.1.jar:/home/student/.m2/repository/org/apache/commons/commons-exec/1.3/commons-exec-1.3.jar:/home/student/.m2/repository/org/seleniumhq/selenium/selenium-htmlunit-driver/2.47.1/selenium-htmlunit-driver-2.47.1.jar:/home/student/.m2/repository/net/sourceforge/htmlunit/htmlunit/2.17/htmlunit-2.17.jar:/home/student/.m2/repository/xalan/xalan/2.7.2/xalan-2.7.2.jar:/home/student/.m2/repository/xalan/serializer/2.7.2/serializer-2.7.2.jar:/home/student/.m2/repository/org/apache/commons/commons-lang3/3.4/commons-lang3-3.4.jar:/home/student/.m2/repository/org/apache/httpcomponents/httpmime/4.4.1/httpmime-4.4.1.jar:/home/student/.m2/repository/net/sourceforge/htmlunit/htmlunit-core-js/2.17/htmlunit-core-js-2.17.jar:/home/student/.m2/repository/xerces/xercesImpl/2.11.0/xercesImpl-2.11.0.jar:/home/student/.m2/repository/xml-apis/xml-apis/1.4.01/xml-apis-1.4.01.jar:/home/student/.m2/repository/net/sourceforge/nekohtml/nekohtml/1.9.22/nekohtml-1.9.22.jar:/home/student/.m2/repository/net/sourceforge/cssparser/cssparser/0.9.16/cssparser-0.9.16.jar:/home/student/.m2/repository/org/w3c/css/sac/1.3/sac-1.3.jar:/home/student/.m2/repository/org/eclipse/jetty/websocket/websocket-client/9.2.11.v20150529/websocket-client-9.2.11.v20150529.jar:/home/student/.m2/repository/org/eclipse/jetty/jetty-util/9.2.11.v20150529/jetty-util-9.2.11.v20150529.jar:/home/student/.m2/repository/org/eclipse/jetty/jetty-io/9.2.11.v20150529/jetty-io-9.2.11.v20150529.jar:/home/student/.m2/repository/org/eclipse/jetty/websocket/websocket-common/9.2.11.v20150529/websocket-common-9.2.11.v20150529.jar:/home/student/.m2/repository/org/eclipse/jetty/websocket/websocket-api/9.2.11.v20150529/websocket-api-9.2.11.v20150529.jar:/home/student/.m2/repository/org/seleniumhq/selenium/selenium-firefox-driver/2.47.1/selenium-firefox-driver-2.47.1.jar:/home/student/.m2/repository/org/seleniumhq/selenium/selenium-ie-driver/2.47.1/selenium-ie-driver-2.47.1.jar:/home/student/.m2/repository/net/java/dev/jna/jna/4.1.0/jna-4.1.0.jar:/home/student/.m2/repository/net/java/dev/jna/jna-platform/4.1.0/jna-platform-4.1.0.jar:/home/student/.m2/repository/org/seleniumhq/selenium/selenium-safari-driver/2.47.1/selenium-safari-driver-2.47.1.jar:/home/student/.m2/repository/org/seleniumhq/selenium/selenium-support/2.47.1/selenium-support-2.47.1.jar:/home/student/.m2/repository/org/webbitserver/webbit/0.4.14/webbit-0.4.14.jar:/home/student/.m2/repository/io/netty/netty/3.5.2.Final/netty-3.5.2.Final.jar:/home/student/.m2/repository/org/seleniumhq/selenium/selenium-leg-rc/2.47.1/selenium-leg-rc-2.47.1.jar:/home/student/.m2/repository/io/appium/java-client/3.2.0/java-client-3.2.0.jar:/home/student/.m2/repository/com/google/code/gson/gson/2.2.4/gson-2.2.4.jar:/home/student/.m2/repository/org/apache/httpcomponents/httpclient/4.3.3/httpclient-4.3.3.jar:/home/student/.m2/repository/org/apache/httpcomponents/httpcore/4.3.2/httpcore-4.3.2.jar:/home/student/.m2/repository/commons-logging/commons-logging/1.1.3/commons-logging-1.1.3.jar:/home/student/.m2/repository/commons-codec/commons-codec/1.6/commons-codec-1.6.jar:/home/student/.m2/repository/com/google/guava/guava/17.0/guava-17.0.jar:/home/student/.m2/repository/cglib/cglib/3.1/cglib-3.1.jar:/home/student/.m2/repository/org/ow2/asm/asm/4.2/asm-4.2.jar:/home/student/.m2/repository/commons-validator/commons-validator/1.4.1/commons-validator-1.4.1.jar:/home/student/.m2/repository/commons-beanutils/commons-beanutils/1.8.3/commons-beanutils-1.8.3.jar:/home/student/.m2/repository/commons-digester/commons-digester/1.8.1/commons-digester-1.8.1.jar:/home/student/.m2/repository/org/jbehave/jbehave-core/4.0.4/jbehave-core-4.0.4.jar:/home/student/.m2/repository/org/hamcrest/hamcrest-core/1.3/hamcrest-core-1.3.jar:/home/student/.m2/repository/org/hamcrest/hamcrest-library/1.3/hamcrest-library-1.3.jar:/home/student/.m2/repository/org/hamcrest/hamcrest-integration/1.3/hamcrest-integration-1.3.jar:/home/student/.m2/repository/commons-collections/commons-collections/3.2.1/commons-collections-3.2.1.jar:/home/student/.m2/repository/commons-io/commons-io/2.4/commons-io-2.4.jar:/home/student/.m2/repository/commons-lang/commons-lang/2.6/commons-lang-2.6.jar:/home/student/.m2/repository/org/codehaus/plexus/plexus-utils/3.0.10/plexus-utils-3.0.10.jar:/home/student/.m2/repository/org/freemarker/freemarker/2.3.20/freemarker-2.3.20.jar:/home/student/.m2/repository/com/thoughtworks/paranamer/paranamer/2.4/paranamer-2.4.jar:/home/student/.m2/repository/com/thoughtworks/xstream/xstream/1.4.7/xstream-1.4.7.jar:/home/student/.m2/repository/xmlpull/xmlpull/1.1.3.1/xmlpull-1.1.3.1.jar:/home/student/.m2/repository/xpp3/xpp3_min/1.1.4c/xpp3_min-1.1.4c.jar:"/>
    <property name="java.specification.name" value="Java Platform API Specification"/>
    <property name="java.class.version" value="51.0"/>
    <property name="sun.management.compiler" value="HotSpot 64-Bit Tiered Compilers"/>
    <property name="os.version" value="3.16.0-30-generic"/>
    <property name="user.home" value="/home/student"/>
    <property name="user.timezone" value=""/>
    <property name="java.awt.printerjob" value="sun.print.PSPrinterJob"/>
    <property name="file.encoding" value="UTF-8"/>
    <property name="java.specification.version" value="1.7"/>
    <property name="user.name" value="student"/>
    <property name="java.class.path" value="/home/student/workspace/MyRepository/testPhoneapp/target/test-classes:/home/student/workspace/MyRepository/testPhoneapp/target/classes:/home/student/.m2/repository/junit/junit/3.8.1/junit-3.8.1.jar:/home/student/.m2/repository/org/seleniumhq/selenium/selenium-java/2.47.1/selenium-java-2.47.1.jar:/home/student/.m2/repository/org/seleniumhq/selenium/selenium-chrome-driver/2.47.1/selenium-chrome-driver-2.47.1.jar:/home/student/.m2/repository/org/seleniumhq/selenium/selenium-remote-driver/2.47.1/selenium-remote-driver-2.47.1.jar:/home/student/.m2/repository/cglib/cglib-nodep/2.1_3/cglib-nodep-2.1_3.jar:/home/student/.m2/repository/org/seleniumhq/selenium/selenium-api/2.47.1/selenium-api-2.47.1.jar:/home/student/.m2/repository/org/seleniumhq/selenium/selenium-edge-driver/2.47.1/selenium-edge-driver-2.47.1.jar:/home/student/.m2/repository/org/apache/commons/commons-exec/1.3/commons-exec-1.3.jar:/home/student/.m2/repository/org/seleniumhq/selenium/selenium-htmlunit-driver/2.47.1/selenium-htmlunit-driver-2.47.1.jar:/home/student/.m2/repository/net/sourceforge/htmlunit/htmlunit/2.17/htmlunit-2.17.jar:/home/student/.m2/repository/xalan/xalan/2.7.2/xalan-2.7.2.jar:/home/student/.m2/repository/xalan/serializer/2.7.2/serializer-2.7.2.jar:/home/student/.m2/repository/org/apache/commons/commons-lang3/3.4/commons-lang3-3.4.jar:/home/student/.m2/repository/org/apache/httpcomponents/httpmime/4.4.1/httpmime-4.4.1.jar:/home/student/.m2/repository/net/sourceforge/htmlunit/htmlunit-core-js/2.17/htmlunit-core-js-2.17.jar:/home/student/.m2/repository/xerces/xercesImpl/2.11.0/xercesImpl-2.11.0.jar:/home/student/.m2/repository/xml-apis/xml-apis/1.4.01/xml-apis-1.4.01.jar:/home/student/.m2/repository/net/sourceforge/nekohtml/nekohtml/1.9.22/nekohtml-1.9.22.jar:/home/student/.m2/repository/net/sourceforge/cssparser/cssparser/0.9.16/cssparser-0.9.16.jar:/home/student/.m2/repository/org/w3c/css/sac/1.3/sac-1.3.jar:/home/student/.m2/repository/org/eclipse/jetty/websocket/websocket-client/9.2.11.v20150529/websocket-client-9.2.11.v20150529.jar:/home/student/.m2/repository/org/eclipse/jetty/jetty-util/9.2.11.v20150529/jetty-util-9.2.11.v20150529.jar:/home/student/.m2/repository/org/eclipse/jetty/jetty-io/9.2.11.v20150529/jetty-io-9.2.11.v20150529.jar:/home/student/.m2/repository/org/eclipse/jetty/websocket/websocket-common/9.2.11.v20150529/websocket-common-9.2.11.v20150529.jar:/home/student/.m2/repository/org/eclipse/jetty/websocket/websocket-api/9.2.11.v20150529/websocket-api-9.2.11.v20150529.jar:/home/student/.m2/repository/org/seleniumhq/selenium/selenium-firefox-driver/2.47.1/selenium-firefox-driver-2.47.1.jar:/home/student/.m2/repository/org/seleniumhq/selenium/selenium-ie-driver/2.47.1/selenium-ie-driver-2.47.1.jar:/home/student/.m2/repository/net/java/dev/jna/jna/4.1.0/jna-4.1.0.jar:/home/student/.m2/repository/net/java/dev/jna/jna-platform/4.1.0/jna-platform-4.1.0.jar:/home/student/.m2/repository/org/seleniumhq/selenium/selenium-safari-driver/2.47.1/selenium-safari-driver-2.47.1.jar:/home/student/.m2/repository/org/seleniumhq/selenium/selenium-support/2.47.1/selenium-support-2.47.1.jar:/home/student/.m2/repository/org/webbitserver/webbit/0.4.14/webbit-0.4.14.jar:/home/student/.m2/repository/io/netty/netty/3.5.2.Final/netty-3.5.2.Final.jar:/home/student/.m2/repository/org/seleniumhq/selenium/selenium-leg-rc/2.47.1/selenium-leg-rc-2.47.1.jar:/home/student/.m2/repository/io/appium/java-client/3.2.0/java-client-3.2.0.jar:/home/student/.m2/repository/com/google/code/gson/gson/2.2.4/gson-2.2.4.jar:/home/student/.m2/repository/org/apache/httpcomponents/httpclient/4.3.3/httpclient-4.3.3.jar:/home/student/.m2/repository/org/apache/httpcomponents/httpcore/4.3.2/httpcore-4.3.2.jar:/home/student/.m2/repository/commons-logging/commons-logging/1.1.3/commons-logging-1.1.3.jar:/home/student/.m2/repository/commons-codec/commons-codec/1.6/commons-codec-1.6.jar:/home/student/.m2/repository/com/google/guava/guava/17.0/guava-17.0.jar:/home/student/.m2/repository/cglib/cglib/3.1/cglib-3.1.jar:/home/student/.m2/repository/org/ow2/asm/asm/4.2/asm-4.2.jar:/home/student/.m2/repository/commons-validator/commons-validator/1.4.1/commons-validator-1.4.1.jar:/home/student/.m2/repository/commons-beanutils/commons-beanutils/1.8.3/commons-beanutils-1.8.3.jar:/home/student/.m2/repository/commons-digester/commons-digester/1.8.1/commons-digester-1.8.1.jar:/home/student/.m2/repository/org/jbehave/jbehave-core/4.0.4/jbehave-core-4.0.4.jar:/home/student/.m2/repository/org/hamcrest/hamcrest-core/1.3/hamcrest-core-1.3.jar:/home/student/.m2/repository/org/hamcrest/hamcrest-library/1.3/hamcrest-library-1.3.jar:/home/student/.m2/repository/org/hamcrest/hamcrest-integration/1.3/hamcrest-integration-1.3.jar:/home/student/.m2/repository/commons-collections/commons-collections/3.2.1/commons-collections-3.2.1.jar:/home/student/.m2/repository/commons-io/commons-io/2.4/commons-io-2.4.jar:/home/student/.m2/repository/commons-lang/commons-lang/2.6/commons-lang-2.6.jar:/home/student/.m2/repository/org/codehaus/plexus/plexus-utils/3.0.10/plexus-utils-3.0.10.jar:/home/student/.m2/repository/org/freemarker/freemarker/2.3.20/freemarker-2.3.20.jar:/home/student/.m2/repository/com/thoughtworks/paranamer/paranamer/2.4/paranamer-2.4.jar:/home/student/.m2/repository/com/thoughtworks/xstream/xstream/1.4.7/xstream-1.4.7.jar:/home/student/.m2/repository/xmlpull/xmlpull/1.1.3.1/xmlpull-1.1.3.1.jar:/home/student/.m2/repository/xpp3/xpp3_min/1.1.4c/xpp3_min-1.1.4c.jar:"/>
    <property name="java.vm.specification.version" value="1.7"/>
    <property name="sun.arch.data.model" value="64"/>
    <property name="java.home" value="/usr/lib/jvm/java-7-openjdk-amd64/jre"/>
    <property name="sun.java.command" value="/home/student/workspace/MyRepository/testPhoneapp/target/surefire/surefirebooter5817786357941884583.jar /home/student/workspace/MyRepository/testPhoneapp/target/surefire/surefire2666825685807651413tmp /home/student/workspace/MyRepository/testPhoneapp/target/surefire/surefire574546809674677871tmp"/>
    <property name="java.specification.vendor" value="Oracle Corporation"/>
    <property name="user.language" value="en"/>
    <property name="awt.toolkit" value="sun.awt.X11.XToolkit"/>
    <property name="java.vm.info" value="mixed mode"/>
    <property name="java.version" value="1.7.0_79"/>
    <property name="java.ext.dirs" value="/usr/lib/jvm/java-7-openjdk-amd64/jre/lib/ext:/usr/java/packages/lib/ext"/>
    <property name="sun.boot.class.path" value="/usr/lib/jvm/java-7-openjdk-amd64/jre/lib/resources.jar:/usr/lib/jvm/java-7-openjdk-amd64/jre/lib/rt.jar:/usr/lib/jvm/java-7-openjdk-amd64/jre/lib/sunrsasign.jar:/usr/lib/jvm/java-7-openjdk-amd64/jre/lib/jsse.jar:/usr/lib/jvm/java-7-openjdk-amd64/jre/lib/jce.jar:/usr/lib/jvm/java-7-openjdk-amd64/jre/lib/charsets.jar:/usr/lib/jvm/java-7-openjdk-amd64/jre/lib/rhino.jar:/usr/lib/jvm/java-7-openjdk-amd64/jre/lib/jfr.jar:/usr/lib/jvm/java-7-openjdk-amd64/jre/classes"/>
    <property name="java.vendor" value="Oracle Corporation"/>
    <property name="localRepository" value="/home/student/.m2/repository"/>
    <property name="file.separator" value="/"/>
    <property name="java.vendor.url.bug" value="http://bugreport.sun.com/bugreport/"/>
    <property name="sun.cpu.endian" value="little"/>
    <property name="sun.io.unicode.encoding" value="UnicodeLittle"/>
    <property name="sun.desktop" value="gnome"/>
    <property name="sun.cpu.isalist" value=""/>
  </properties>
</testsuite>